mode: atomic
chachacrypt/chachacrypt.go:42.13,51.2 1 0
chachacrypt/chachacrypt.go:53.13,67.22 10 0
chachacrypt/chachacrypt.go:67.22,70.3 2 0
chachacrypt/chachacrypt.go:72.2,72.20 1 0
chachacrypt/chachacrypt.go:73.13,75.66 2 0
chachacrypt/chachacrypt.go:75.66,77.4 1 0
chachacrypt/chachacrypt.go:78.3,78.60 1 0
chachacrypt/chachacrypt.go:78.60,80.4 1 0
chachacrypt/chachacrypt.go:82.13,84.66 2 0
chachacrypt/chachacrypt.go:84.66,86.4 1 0
chachacrypt/chachacrypt.go:87.3,87.60 1 0
chachacrypt/chachacrypt.go:87.60,89.4 1 0
chachacrypt/chachacrypt.go:91.12,93.68 2 0
chachacrypt/chachacrypt.go:95.10,96.13 1 0
chachacrypt/chachacrypt.go:100.17,105.2 4 0
chachacrypt/chachacrypt.go:107.42,108.17 1 0
chachacrypt/chachacrypt.go:108.17,110.3 1 0
chachacrypt/chachacrypt.go:112.2,122.30 4 0
chachacrypt/chachacrypt.go:122.30,127.3 4 0
chachacrypt/chachacrypt.go:129.2,129.26 1 0
chachacrypt/chachacrypt.go:132.60,133.47 1 0
chachacrypt/chachacrypt.go:133.47,135.3 1 0
chachacrypt/chachacrypt.go:136.2,136.22 1 0
chachacrypt/chachacrypt.go:136.22,138.3 1 0
chachacrypt/chachacrypt.go:139.2,139.12 1 0
chachacrypt/chachacrypt.go:142.54,147.43 4 0
chachacrypt/chachacrypt.go:147.43,149.3 1 0
chachacrypt/chachacrypt.go:151.2,154.16 3 0
chachacrypt/chachacrypt.go:154.16,156.3 1 0
chachacrypt/chachacrypt.go:157.2,160.16 3 0
chachacrypt/chachacrypt.go:160.16,162.3 1 0
chachacrypt/chachacrypt.go:163.2,165.43 2 0
chachacrypt/chachacrypt.go:165.43,167.3 1 0
chachacrypt/chachacrypt.go:169.2,174.6 4 0
chachacrypt/chachacrypt.go:174.6,176.13 2 0
chachacrypt/chachacrypt.go:176.13,177.21 1 0
chachacrypt/chachacrypt.go:177.21,178.10 1 0
chachacrypt/chachacrypt.go:180.4,180.58 1 0
chachacrypt/chachacrypt.go:183.3,188.13 5 0
chachacrypt/chachacrypt.go:188.13,193.4 4 0
chachacrypt/chachacrypt.go:196.2,197.12 2 0
chachacrypt/chachacrypt.go:200.54,205.16 4 0
chachacrypt/chachacrypt.go:205.16,207.3 1 0
chachacrypt/chachacrypt.go:208.2,211.16 3 0
chachacrypt/chachacrypt.go:211.16,213.3 1 0
chachacrypt/chachacrypt.go:214.2,217.41 3 0
chachacrypt/chachacrypt.go:217.41,219.3 1 0
chachacrypt/chachacrypt.go:221.2,227.6 5 0
chachacrypt/chachacrypt.go:227.6,229.30 2 0
chachacrypt/chachacrypt.go:229.30,230.9 1 0
chachacrypt/chachacrypt.go:232.3,236.17 4 0
chachacrypt/chachacrypt.go:236.17,238.4 1 0
chachacrypt/chachacrypt.go:239.3,239.23 1 0
chachacrypt/chachacrypt.go:242.2,242.12 1 0
chachacrypt/chachacrypt.go:245.28,249.2 3 0
chachacrypt/chachacrypt.go:251.39,254.2 2 0
